# JRE version: OpenJDK Runtime Environment (7.0_121) (build 1.7.0_121-b00)
# Java VM: OpenJDK 64-Bit Server VM (24.121-b00 mixed mode linux-amd64 compressed oops)
Heap
 PSYoungGen      total 17920K, used 3118K [0x00000000ec080000, 0x00000000ed480000, 0x0000000100000000)
  eden space 15360K, 3% used [0x00000000ec080000,0x00000000ec110618,0x00000000ecf80000)
  from space 2560K, 99% used [0x00000000ecf80000,0x00000000ed1fb590,0x00000000ed200000)
  to   space 2560K, 0% used [0x00000000ed200000,0x00000000ed200000,0x00000000ed480000)
 ParOldGen       total 40448K, used 2471K [0x00000000c4200000, 0x00000000c6980000, 0x00000000ec080000)
  object space 40448K, 6% used [0x00000000c4200000,0x00000000c4469d00,0x00000000c6980000)
 PSPermGen       total 21504K, used 10932K [0x00000000b9c00000, 0x00000000bb100000, 0x00000000c4200000)
  object space 21504K, 50% used [0x00000000b9c00000,0x00000000ba6ad2e0,0x00000000bb100000)
GC Heap History (6 events):
Event: 1,941 GC heap before
{Heap before GC invocations=1 (full 0):
 PSYoungGen      total 17920K, used 15360K [0x00000000ec080000, 0x00000000ed480000, 0x0000000100000000)
  eden space 15360K, 100% used [0x00000000ec080000,0x00000000ecf80000,0x00000000ecf80000)
  from space 2560K, 0% used [0x00000000ed200000,0x00000000ed200000,0x00000000ed480000)
  to   space 2560K, 0% used [0x00000000ecf80000,0x00000000ecf80000,0x00000000ed200000)
 ParOldGen       total 40448K, used 0K [0x00000000c4200000, 0x00000000c6980000, 0x00000000ec080000)
  object space 40448K, 0% used [0x00000000c4200000,0x00000000c4200000,0x00000000c6980000)
 PSPermGen       total 21504K, used 8032K [0x00000000b9c00000, 0x00000000bb100000, 0x00000000c4200000)
  object space 21504K, 37% used [0x00000000b9c00000,0x00000000ba3d8290,0x00000000bb100000)
Event: 1,949 GC heap after
Heap after GC invocations=1 (full 0):
 PSYoungGen      total 17920K, used 2553K [0x00000000ec080000, 0x00000000ed480000, 0x0000000100000000)
  eden space 15360K, 0% used [0x00000000ec080000,0x00000000ec080000,0x00000000ecf80000)
  from space 2560K, 99% used [0x00000000ecf80000,0x00000000ed1fe410,0x00000000ed200000)
  to   space 2560K, 0% used [0x00000000ed200000,0x00000000ed200000,0x00000000ed480000)
 ParOldGen       total 40448K, used 580K [0x00000000c4200000, 0x00000000c6980000, 0x00000000ec080000)
  object space 40448K, 1% used [0x00000000c4200000,0x00000000c42913b0,0x00000000c6980000)
 PSPermGen       total 21504K, used 8032K [0x00000000b9c00000, 0x00000000bb100000, 0x00000000c4200000)
  object space 21504K, 37% used [0x00000000b9c00000,0x00000000ba3d8290,0x00000000bb100000)
}
Event: 3,111 GC heap before
{Heap before GC invocations=2 (full 0):
 PSYoungGen      total 17920K, used 17913K [0x00000000ec080000, 0x00000000ed480000, 0x0000000100000000)
  eden space 15360K, 100% used [0x00000000ec080000,0x00000000ecf80000,0x00000000ecf80000)
  from space 2560K, 99% used [0x00000000ecf80000,0x00000000ed1fe410,0x00000000ed200000)
  to   space 2560K, 0% used [0x00000000ed200000,0x00000000ed200000,0x00000000ed480000)
 ParOldGen       total 40448K, used 580K [0x00000000c4200000, 0x00000000c6980000, 0x00000000ec080000)
  object space 40448K, 1% used [0x00000000c4200000,0x00000000c42913b0,0x00000000c6980000)
 PSPermGen       total 21504K, used 10398K [0x00000000b9c00000, 0x00000000bb100000, 0x00000000c4200000)
  object space 21504K, 48% used [0x00000000b9c00000,0x00000000ba6279c8,0x00000000bb100000)
Event: 3,119 GC heap after
Heap after GC invocations=2 (full 0):
 PSYoungGen      total 17920K, used 2553K [0x00000000ec080000, 0x00000000ed480000, 0x0000000100000000)
  eden space 15360K, 0% used [0x00000000ec080000,0x00000000ec080000,0x00000000ecf80000)
  from space 2560K, 99% used [0x00000000ed200000,0x00000000ed47e410,0x00000000ed480000)
  to   space 2560K, 0% used [0x00000000ecf80000,0x00000000ecf80000,0x00000000ed200000)
 ParOldGen       total 40448K, used 2159K [0x00000000c4200000, 0x00000000c6980000, 0x00000000ec080000)
  object space 40448K, 5% used [0x00000000c4200000,0x00000000c441bc78,0x00000000c6980000)
 PSPermGen       total 21504K, used 10398K [0x00000000b9c00000, 0x00000000bb100000, 0x00000000c4200000)
  object space 21504K, 48% used [0x00000000b9c00000,0x00000000ba6279c8,0x00000000bb100000)
}
Event: 118,214 GC heap before
{Heap before GC invocations=3 (full 0):
 PSYoungGen      total 17920K, used 17913K [0x00000000ec080000, 0x00000000ed480000, 0x0000000100000000)
  eden space 15360K, 100% used [0x00000000ec080000,0x00000000ecf80000,0x00000000ecf80000)
  from space 2560K, 99% used [0x00000000ed200000,0x00000000ed47e410,0x00000000ed480000)
  to   space 2560K, 0% used [0x00000000ecf80000,0x00000000ecf80000,0x00000000ed200000)
 ParOldGen       total 40448K, used 2159K [0x00000000c4200000, 0x00000000c6980000, 0x00000000ec080000)
  object space 40448K, 5% used [0x00000000c4200000,0x00000000c441bc78,0x00000000c6980000)
 PSPermGen       total 21504K, used 10931K [0x00000000b9c00000, 0x00000000bb100000, 0x00000000c4200000)
  object space 21504K, 50% used [0x00000000b9c00000,0x00000000ba6acce0,0x00000000bb100000)
Event: 118,218 GC heap after
Heap after GC invocations=3 (full 0):
 PSYoungGen      total 17920K, used 2541K [0x00000000ec080000, 0x00000000ed480000, 0x0000000100000000)
  eden space 15360K, 0% used [0x00000000ec080000,0x00000000ec080000,0x00000000ecf80000)
  from space 2560K, 99% used [0x00000000ecf80000,0x00000000ed1fb590,0x00000000ed200000)
  to   space 2560K, 0% used [0x00000000ed200000,0x00000000ed200000,0x00000000ed480000)
 ParOldGen       total 40448K, used 2471K [0x00000000c4200000, 0x00000000c6980000, 0x00000000ec080000)
  object space 40448K, 6% used [0x00000000c4200000,0x00000000c4469d00,0x00000000c6980000)
 PSPermGen       total 21504K, used 10931K [0x00000000b9c00000, 0x00000000bb100000, 0x00000000c4200000)
  object space 21504K, 50% used [0x00000000b9c00000,0x00000000ba6acce0,0x00000000bb100000)
}

